This is pdfTeX, Version 3.141592653-2.6-1.40.27 (MiKTeX 25.4) (preloaded format=pdflatex 2025.9.12)  17 SEP 2025 19:27
entering extended mode
 restricted \write18 enabled.
 file:line:error style messages enabled.
 %&-line parsing enabled.
**"c:/Users/ailam/OneDrive/BACKUP/HOME/LatexBeginner_dotr3/Vanderborght-2013-Variable impedance actuators/2025_09_17_f0417c8723605e4ad1efg/2025_09_17_f0417c8723605e4ad1efg.tex"
(c:/Users/ailam/OneDrive/BACKUP/HOME/LatexBeginner_dotr3/Vanderborght-2013-Variable impedance actuators/2025_09_17_f0417c8723605e4ad1efg/2025_09_17_f0417c8723605e4ad1efg.tex
LaTeX2e <2025-06-01> patch level 1
L3 programming layer <2025-08-13>
(C:\Data\DevTools\MiKTeX\tex/latex/base\article.cls
Document Class: article 2025/01/22 v1.4n Standard LaTeX document class
(C:\Data\DevTools\MiKTeX\tex/latex/base\size10.clo
File: size10.clo 2025/01/22 v1.4n Standard LaTeX file (size option)
)
\c@part=\count275
\c@section=\count276
\c@subsection=\count277
\c@subsubsection=\count278
\c@paragraph=\count279
\c@subparagraph=\count280
\c@figure=\count281
\c@table=\count282
\abovecaptionskip=\skip49
\belowcaptionskip=\skip50
\bibindent=\dimen148
) (C:\Data\DevTools\MiKTeX\tex/latex/base\inputenc.sty
Package: inputenc 2024/02/08 v1.3d Input encoding file
\inpenc@prehook=\toks17
\inpenc@posthook=\toks18
) (C:\Data\DevTools\MiKTeX\tex/latex/base\fontenc.sty
Package: fontenc 2024/12/21 v2.1c Standard LaTeX package
) (C:\Data\DevTools\MiKTeX\tex/latex/amsmath\amsmath.sty
Package: amsmath 2025/06/16 v2.17y AMS math features
\@mathmargin=\skip51

For additional information on amsmath, use the `?' option.
(C:\Data\DevTools\MiKTeX\tex/latex/amsmath\amstext.sty
Package: amstext 2024/11/17 v2.01 AMS text
 (C:\Data\DevTools\MiKTeX\tex/latex/amsmath\amsgen.sty
File: amsgen.sty 1999/11/30 v2.0 generic functions
\@emptytoks=\toks19
\ex@=\dimen149
)) (C:\Data\DevTools\MiKTeX\tex/latex/amsmath\amsbsy.sty
Package: amsbsy 1999/11/29 v1.2d Bold Symbols
\pmbraise@=\dimen150
) (C:\Data\DevTools\MiKTeX\tex/latex/amsmath\amsopn.sty
Package: amsopn 2022/04/08 v2.04 operator names
)
\inf@bad=\count283
LaTeX Info: Redefining \frac on input line 233.
\uproot@=\count284
\leftroot@=\count285
LaTeX Info: Redefining \overline on input line 398.
LaTeX Info: Redefining \colon on input line 409.
\classnum@=\count286
\DOTSCASE@=\count287
LaTeX Info: Redefining \ldots on input line 495.
LaTeX Info: Redefining \dots on input line 498.
LaTeX Info: Redefining \cdots on input line 619.
\Mathstrutbox@=\box53
\strutbox@=\box54
LaTeX Info: Redefining \big on input line 721.
LaTeX Info: Redefining \Big on input line 722.
LaTeX Info: Redefining \bigg on input line 723.
LaTeX Info: Redefining \Bigg on input line 724.
\big@size=\dimen151
LaTeX Font Info:    Redeclaring font encoding OML on input line 742.
LaTeX Font Info:    Redeclaring font encoding OMS on input line 743.
\macc@depth=\count288
LaTeX Info: Redefining \bmod on input line 904.
LaTeX Info: Redefining \pmod on input line 909.
LaTeX Info: Redefining \smash on input line 939.
LaTeX Info: Redefining \relbar on input line 969.
LaTeX Info: Redefining \Relbar on input line 970.
\c@MaxMatrixCols=\count289
\dotsspace@=\muskip17
\c@parentequation=\count290
\dspbrk@lvl=\count291
\tag@help=\toks20
\row@=\count292
\column@=\count293
\maxfields@=\count294
\andhelp@=\toks21
\eqnshift@=\dimen152
\alignsep@=\dimen153
\tagshift@=\dimen154
\tagwidth@=\dimen155
\totwidth@=\dimen156
\lineht@=\dimen157
\@envbody=\toks22
\multlinegap=\skip52
\multlinetaggap=\skip53
\mathdisplay@stack=\toks23
LaTeX Info: Redefining \[ on input line 2949.
LaTeX Info: Redefining \] on input line 2950.
) (C:\Data\DevTools\MiKTeX\tex/latex/amsfonts\amsfonts.sty
Package: amsfonts 2013/01/14 v3.01 Basic AMSFonts support
\symAMSa=\mathgroup4
\symAMSb=\mathgroup5
LaTeX Font Info:    Redeclaring math symbol \hbar on input line 98.
LaTeX Font Info:    Overwriting math alphabet `\mathfrak' in version `bold'
(Font)                  U/euf/m/n --> U/euf/b/n on input line 106.
) (C:\Data\DevTools\MiKTeX\tex/latex/amsfonts\amssymb.sty
Package: amssymb 2013/01/14 v3.01 AMS font symbols
) (C:\Data\DevTools\MiKTeX\tex/latex/mhchem\mhchem.sty
Package: mhchem 2024/01/29 v4.10 for typesetting chemical formulae
 (C:\Data\DevTools\MiKTeX\tex/latex/l3kernel\expl3.sty
Package: expl3 2025-08-13 L3 programming layer (loader) 
 (C:\Data\DevTools\MiKTeX\tex/latex/l3backend\l3backend-pdftex.def
File: l3backend-pdftex.def 2025-06-09 L3 backend support: PDF output (pdfTeX)
\l__color_backend_stack_int=\count295
)) (C:\Data\DevTools\MiKTeX\tex/latex/l3packages/l3keys2e\l3keys2e.sty
Package: l3keys2e 2024-08-16 LaTeX2e option processing using LaTeX3 keys
) (C:\Data\DevTools\MiKTeX\tex/latex/tools\calc.sty
Package: calc 2025/03/01 v4.3b Infix arithmetic (KKT,FJ)
\calc@Acount=\count296
\calc@Bcount=\count297
\calc@Adimen=\dimen158
\calc@Bdimen=\dimen159
\calc@Askip=\skip54
\calc@Bskip=\skip55
LaTeX Info: Redefining \setlength on input line 86.
LaTeX Info: Redefining \addtolength on input line 87.
\calc@Ccount=\count298
\calc@Cskip=\skip56
) (C:\Data\DevTools\MiKTeX\tex/latex/chemgreek\chemgreek.sty (C:\Data\DevTools\MiKTeX\tex/latex/l3packages/xparse\xparse.sty
Package: xparse 2024-08-16 L3 Experimental document command parser
)
Package: chemgreek 2020/01/16 v1.1a interface for upright Greek letters for use in chemistry (CN)
\l__chemgreek_tmpa_int=\count299
\g__chemgreek_tmpa_int=\count300
) (C:\Data\DevTools\MiKTeX\tex/latex/graphics\graphics.sty
Package: graphics 2024/08/06 v1.4g Standard LaTeX Graphics (DPC,SPQR)
 (C:\Data\DevTools\MiKTeX\tex/latex/graphics\trig.sty
Package: trig 2023/12/02 v1.11 sin cos tan (DPC)
) (C:\Data\DevTools\MiKTeX\tex/latex/graphics-cfg\graphics.cfg
File: graphics.cfg 2016/06/04 v1.11 sample graphics configuration
)
Package graphics Info: Driver file: pdftex.def on input line 106.
 (C:\Data\DevTools\MiKTeX\tex/latex/graphics-def\pdftex.def
File: pdftex.def 2024/04/13 v1.2c Graphics/color driver for pdftex
))
\l__mhchem_ce_distanceFromLastComma_int=\count301
\__mhchem_arrow_extPgfLength_skip=\skip57
\mhchem@minispace@tmp=\skip58
\mhchem@minibackspace@tmp=\skip59
\mhchem@bondwidth=\skip60
\mhchem@bondheight=\skip61
\mhchem@smallbondwidth@tmpA=\skip62
\mhchem@smallbondwidth@tmpB=\skip63
\mhchem@smallbondwidth=\skip64
\mhchem@bondtmp@minussidebearingleft=\skip65
\mhchem@bondtmp@minussidebearingright=\skip66
\l__mhchem_option_version_int=\count302
\mhchem@option@minusmathsidebearingleft=\dimen160
\mhchem@option@minusmathsidebearingright=\dimen161
\mhchem@option@minustextsidebearingleft=\dimen162
\mhchem@option@minustextsidebearingright=\dimen163
) (C:\Data\DevTools\MiKTeX\tex/latex/stmaryrd\stmaryrd.sty
Package: stmaryrd 1994/03/03 St Mary's Road symbol package
\symstmry=\mathgroup6
LaTeX Font Info:    Overwriting symbol font `stmry' in version `bold'
(Font)                  U/stmry/m/n --> U/stmry/b/n on input line 89.
) (C:\Data\DevTools\MiKTeX\tex/latex/graphics\graphicx.sty
Package: graphicx 2024/12/31 v1.2e Enhanced LaTeX Graphics (DPC,SPQR)
 (C:\Data\DevTools\MiKTeX\tex/latex/graphics\keyval.sty
Package: keyval 2022/05/29 v1.15 key=value parser (DPC)
\KV@toks@=\toks24
)
\Gin@req@height=\dimen164
\Gin@req@width=\dimen165
) (C:\Data\DevTools\MiKTeX\tex/latex/adjustbox\adjustbox.sty
Package: adjustbox 2025/02/26 v1.3c Adjusting TeX boxes (trim, clip, ...)
 (C:\Data\DevTools\MiKTeX\tex/latex/xkeyval\xkeyval.sty
Package: xkeyval 2022/06/16 v2.9 package option processing (HA)
 (C:\Data\DevTools\MiKTeX\tex/generic/xkeyval\xkeyval.tex (C:\Data\DevTools\MiKTeX\tex/generic/xkeyval\xkvutils.tex
\XKV@toks=\toks25
\XKV@tempa@toks=\toks26
)
\XKV@depth=\count303
File: xkeyval.tex 2014/12/03 v2.7a key=value parser (HA)
)) (C:\Data\DevTools\MiKTeX\tex/latex/adjustbox\adjcalc.sty
Package: adjcalc 2012/05/16 v1.1 Provides advanced setlength with multiple back-ends (calc, etex, pgfmath)
) (C:\Data\DevTools\MiKTeX\tex/latex/adjustbox\trimclip.sty
Package: trimclip 2025/02/21 v1.2a Trim and clip general TeX material
 (C:\Data\DevTools\MiKTeX\tex/latex/collectbox\collectbox.sty
Package: collectbox 2022/10/17 v0.4c Collect macro arguments as boxes
\collectedbox=\box55
)
\tc@llx=\dimen166
\tc@lly=\dimen167
\tc@urx=\dimen168
\tc@ury=\dimen169
Package trimclip Info: Using driver 'tc-pdftex.def'.
 (C:\Data\DevTools\MiKTeX\tex/latex/adjustbox\tc-pdftex.def
File: tc-pdftex.def 2025/02/26 v2.3 Clipping driver for pdftex
))
\adjbox@Width=\dimen170
\adjbox@Height=\dimen171
\adjbox@Depth=\dimen172
\adjbox@Totalheight=\dimen173
\adjbox@pwidth=\dimen174
\adjbox@pheight=\dimen175
\adjbox@pdepth=\dimen176
\adjbox@ptotalheight=\dimen177
 (C:\Data\DevTools\MiKTeX\tex/latex/ifoddpage\ifoddpage.sty
Package: ifoddpage 2022/10/18 v1.2 Conditionals for odd/even page detection
\c@checkoddpage=\count304
) (C:\Data\DevTools\MiKTeX\tex/latex/varwidth\varwidth.sty
Package: varwidth 2009/03/30 ver 0.92;  Variable-width minipages
\@vwid@box=\box56
\sift@deathcycles=\count305
\@vwid@loff=\dimen178
\@vwid@roff=\dimen179
)
==> First Aid for varwidth.sty applied!
) (C:\Data\DevTools\MiKTeX\tex/latex/caption\caption.sty
Package: caption 2023/08/05 v3.6o Customizing captions (AR)
 (C:\Data\DevTools\MiKTeX\tex/latex/caption\caption3.sty
Package: caption3 2023/07/31 v2.4d caption3 kernel (AR)
\caption@tempdima=\dimen180
\captionmargin=\dimen181
\caption@leftmargin=\dimen182
\caption@rightmargin=\dimen183
\caption@width=\dimen184
\caption@indent=\dimen185
\caption@parindent=\dimen186
\caption@hangindent=\dimen187
Package caption Info: Standard document class detected.
)
\c@caption@flags=\count306
\c@continuedfloat=\count307
) (C:\Data\DevTools\MiKTeX\tex/latex/multirow\multirow.sty
Package: multirow 2024/11/12 v2.9 Span multiple rows of a table
\multirow@colwidth=\skip67
\multirow@cntb=\count308
\multirow@dima=\skip68
\bigstrutjot=\dimen188
) (C:\Data\DevTools\MiKTeX\tex/latex/hyperref\hyperref.sty
Package: hyperref 2025-07-12 v7.01o Hypertext links for LaTeX
 (C:\Data\DevTools\MiKTeX\tex/generic/iftex\iftex.sty
Package: iftex 2024/12/12 v1.0g TeX engine tests
) (C:\Data\DevTools\MiKTeX\tex/latex/kvsetkeys\kvsetkeys.sty
Package: kvsetkeys 2022-10-05 v1.19 Key value parser (HO)
) (C:\Data\DevTools\MiKTeX\tex/generic/kvdefinekeys\kvdefinekeys.sty
Package: kvdefinekeys 2019-12-19 v1.6 Define keys (HO)
) (C:\Data\DevTools\MiKTeX\tex/generic/pdfescape\pdfescape.sty
Package: pdfescape 2019/12/09 v1.15 Implements pdfTeX's escape features (HO)
 (C:\Data\DevTools\MiKTeX\tex/generic/ltxcmds\ltxcmds.sty
Package: ltxcmds 2023-12-04 v1.26 LaTeX kernel commands for general use (HO)
) (C:\Data\DevTools\MiKTeX\tex/generic/pdftexcmds\pdftexcmds.sty
Package: pdftexcmds 2020-06-27 v0.33 Utility functions of pdfTeX for LuaTeX (HO)
 (C:\Data\DevTools\MiKTeX\tex/generic/infwarerr\infwarerr.sty
Package: infwarerr 2019/12/03 v1.5 Providing info/warning/error messages (HO)
)
Package pdftexcmds Info: \pdf@primitive is available.
Package pdftexcmds Info: \pdf@ifprimitive is available.
Package pdftexcmds Info: \pdfdraftmode found.
)) (C:\Data\DevTools\MiKTeX\tex/latex/hycolor\hycolor.sty
Package: hycolor 2020-01-27 v1.10 Color options for hyperref/bookmark (HO)
) (C:\Data\DevTools\MiKTeX\tex/latex/hyperref\nameref.sty
Package: nameref 2025-06-21 v2.57 Cross-referencing by name of section
 (C:\Data\DevTools\MiKTeX\tex/latex/refcount\refcount.sty
Package: refcount 2019/12/15 v3.6 Data extraction from label references (HO)
) (C:\Data\DevTools\MiKTeX\tex/generic/gettitlestring\gettitlestring.sty
Package: gettitlestring 2019/12/15 v1.6 Cleanup title references (HO)
 (C:\Data\DevTools\MiKTeX\tex/latex/kvoptions\kvoptions.sty
Package: kvoptions 2022-06-15 v3.15 Key value format for package options (HO)
))
\c@section@level=\count309
) (C:\Data\DevTools\MiKTeX\tex/latex/etoolbox\etoolbox.sty
Package: etoolbox 2025/02/11 v2.5l e-TeX tools for LaTeX (JAW)
\etb@tempcnta=\count310
) (C:\Data\DevTools\MiKTeX\tex/generic/stringenc\stringenc.sty
Package: stringenc 2019/11/29 v1.12 Convert strings between diff. encodings (HO)
)
\@linkdim=\dimen189
\Hy@linkcounter=\count311
\Hy@pagecounter=\count312
 (C:\Data\DevTools\MiKTeX\tex/latex/hyperref\pd1enc.def
File: pd1enc.def 2025-07-12 v7.01o Hyperref: PDFDocEncoding definition (HO)
Now handling font encoding PD1 ...
... no UTF-8 mapping file for font encoding PD1
) (C:\Data\DevTools\MiKTeX\tex/generic/intcalc\intcalc.sty
Package: intcalc 2019/12/15 v1.3 Expandable calculations with integers (HO)
)
\Hy@SavedSpaceFactor=\count313
 (C:\Data\DevTools\MiKTeX\tex/latex/hyperref\puenc.def
File: puenc.def 2025-07-12 v7.01o Hyperref: PDF Unicode definition (HO)
Now handling font encoding PU ...
... no UTF-8 mapping file for font encoding PU
)
Package hyperref Info: Hyper figures OFF on input line 4195.
Package hyperref Info: Link nesting OFF on input line 4200.
Package hyperref Info: Hyper index ON on input line 4203.
Package hyperref Info: Plain pages OFF on input line 4210.
Package hyperref Info: Backreferencing OFF on input line 4215.
Package hyperref Info: Implicit mode ON; LaTeX internals redefined.
Package hyperref Info: Bookmarks ON on input line 4462.
\c@Hy@tempcnt=\count314
 (C:\Data\DevTools\MiKTeX\tex/latex/url\url.sty
\Urlmuskip=\muskip18
Package: url 2013/09/16  ver 3.4  Verb mode for urls, etc.
)
LaTeX Info: Redefining \url on input line 4801.
\XeTeXLinkMargin=\dimen190
 (C:\Data\DevTools\MiKTeX\tex/generic/bitset\bitset.sty
Package: bitset 2019/12/09 v1.3 Handle bit-vector datatype (HO)
 (C:\Data\DevTools\MiKTeX\tex/generic/bigintcalc\bigintcalc.sty
Package: bigintcalc 2019/12/15 v1.5 Expandable calculations on big integers (HO)
))
\Fld@menulength=\count315
\Field@Width=\dimen191
\Fld@charsize=\dimen192
Package hyperref Info: Hyper figures OFF on input line 6078.
Package hyperref Info: Link nesting OFF on input line 6083.
Package hyperref Info: Hyper index ON on input line 6086.
Package hyperref Info: backreferencing OFF on input line 6093.
Package hyperref Info: Link coloring OFF on input line 6098.
Package hyperref Info: Link coloring with OCG OFF on input line 6103.
Package hyperref Info: PDF/A mode OFF on input line 6108.
\Hy@abspage=\count316
\c@Item=\count317
\c@Hfootnote=\count318
)
Package hyperref Info: Driver (autodetected): hpdftex.
 (C:\Data\DevTools\MiKTeX\tex/latex/hyperref\hpdftex.def
File: hpdftex.def 2025-07-12 v7.01o Hyperref driver for pdfTeX
\Fld@listcount=\count319
\c@bookmark@seq@number=\count320
 (C:\Data\DevTools\MiKTeX\tex/latex/rerunfilecheck\rerunfilecheck.sty
Package: rerunfilecheck 2025-06-21 v1.11 Rerun checks for auxiliary files (HO)
 (C:\Data\DevTools\MiKTeX\tex/generic/uniquecounter\uniquecounter.sty
Package: uniquecounter 2019/12/15 v1.4 Provide unlimited unique counter (HO)
)
Package uniquecounter Info: New unique counter `rerunfilecheck' on input line 284.
)
\Hy@SectionHShift=\skip69
)
Package hyperref Info: Option `colorlinks' set `true' on input line 15.
 (2025_09_17_f0417c8723605e4ad1efg.aux)
\openout1 = `2025_09_17_f0417c8723605e4ad1efg.aux'.

LaTeX Font Info:    Checking defaults for OML/cmm/m/it on input line 27.
LaTeX Font Info:    ... okay on input line 27.
LaTeX Font Info:    Checking defaults for OMS/cmsy/m/n on input line 27.
LaTeX Font Info:    ... okay on input line 27.
LaTeX Font Info:    Checking defaults for OT1/cmr/m/n on input line 27.
LaTeX Font Info:    ... okay on input line 27.
LaTeX Font Info:    Checking defaults for T1/cmr/m/n on input line 27.
LaTeX Font Info:    ... okay on input line 27.
LaTeX Font Info:    Checking defaults for TS1/cmr/m/n on input line 27.
LaTeX Font Info:    ... okay on input line 27.
LaTeX Font Info:    Checking defaults for OMX/cmex/m/n on input line 27.
LaTeX Font Info:    ... okay on input line 27.
LaTeX Font Info:    Checking defaults for U/cmr/m/n on input line 27.
LaTeX Font Info:    ... okay on input line 27.
LaTeX Font Info:    Checking defaults for PD1/pdf/m/n on input line 27.
LaTeX Font Info:    ... okay on input line 27.
LaTeX Font Info:    Checking defaults for PU/pdf/m/n on input line 27.
LaTeX Font Info:    ... okay on input line 27.

Package chemgreek Info: Activating mapping `default' on line 27.

 (C:\Data\DevTools\MiKTeX\tex/context/base/mkii\supp-pdf.mkii
[Loading MPS to PDF converter (version 2006.09.02).]
\scratchcounter=\count321
\scratchdimen=\dimen193
\scratchbox=\box57
\nofMPsegments=\count322
\nofMParguments=\count323
\everyMPshowfont=\toks27
\MPscratchCnt=\count324
\MPscratchDim=\dimen194
\MPnumerator=\count325
\makeMPintoPDFobject=\count326
\everyMPtoPDFconversion=\toks28
) (C:\Data\DevTools\MiKTeX\tex/latex/epstopdf-pkg\epstopdf-base.sty
Package: epstopdf-base 2020-01-24 v2.11 Base part for package epstopdf
Package epstopdf-base Info: Redefining graphics rule for `.eps' on input line 485.
 (C:\Data\DevTools\MiKTeX\tex/latex/00miktex\epstopdf-sys.cfg
File: epstopdf-sys.cfg 2021/03/18 v2.0 Configuration of epstopdf for MiKTeX
))
Package caption Info: Begin \AtBeginDocument code.
Package caption Info: hyperref package is loaded.
Package caption Info: End \AtBeginDocument code.
 (C:\Data\DevTools\MiKTeX\tex/latex/graphics\color.sty
Package: color 2025/01/14 v1.3e Standard LaTeX Color (DPC)
 (C:\Data\DevTools\MiKTeX\tex/latex/graphics-cfg\color.cfg
File: color.cfg 2016/01/02 v1.6 sample color configuration
)
Package color Info: Driver file: pdftex.def on input line 149.
 (C:\Data\DevTools\MiKTeX\tex/latex/graphics\mathcolor.ltx))
Package hyperref Info: Link coloring ON on input line 27.
 (2025_09_17_f0417c8723605e4ad1efg.out) (2025_09_17_f0417c8723605e4ad1efg.out)
\@outlinefile=\write3
\openout3 = `2025_09_17_f0417c8723605e4ad1efg.out'.

LaTeX Font Info:    Trying to load font information for U+msa on input line 29.
 (C:\Data\DevTools\MiKTeX\tex/latex/amsfonts\umsa.fd
File: umsa.fd 2013/01/14 v3.01 AMS symbols A
)
LaTeX Font Info:    Trying to load font information for U+msb on input line 29.
 (C:\Data\DevTools\MiKTeX\tex/latex/amsfonts\umsb.fd
File: umsb.fd 2013/01/14 v3.01 AMS symbols B
)
LaTeX Font Info:    Trying to load font information for U+stmry on input line 29.
 (C:\Data\DevTools\MiKTeX\tex/latex/stmaryrd\ustmry.fd)
Overfull \hbox (1596.63092pt too wide) in paragraph at lines 29--29
 [][] 
 []



[1

{C:/Users/ailam/AppData/Local/MiKTeX/fonts/map/pdftex/pdftex.map}]

[2]
Overfull \hbox (18.91727pt too wide) in paragraph at lines 51--52
[]\T1/cmr/m/n/10 Robustness to ex-ter-nal per-tur-ba-tions and un-pre-dictable model er-rors (changes)
 []

<./images/2025_09_17_f0417c8723605e4ad1efg-04.jpg, id=21, 1020.81375pt x 419.5675pt>
File: ./images/2025_09_17_f0417c8723605e4ad1efg-04.jpg Graphic file (type jpg)
<use ./images/2025_09_17_f0417c8723605e4ad1efg-04.jpg>
Package pdftex.def Info: ./images/2025_09_17_f0417c8723605e4ad1efg-04.jpg  used on input line 57.
(pdftex.def)             Requested size: 345.0pt x 141.79958pt.


[3 <./images/2025_09_17_f0417c8723605e4ad1efg-04.jpg>]

[4]

[5]
<./images/2025_09_17_f0417c8723605e4ad1efg-08.jpg, id=44, 994.71625pt x 846.16125pt>
File: ./images/2025_09_17_f0417c8723605e4ad1efg-08.jpg Graphic file (type jpg)
<use ./images/2025_09_17_f0417c8723605e4ad1efg-08.jpg>
Package pdftex.def Info: ./images/2025_09_17_f0417c8723605e4ad1efg-08.jpg  used on input line 103.
(pdftex.def)             Requested size: 345.0pt x 293.47531pt.


LaTeX Warning: `h' float specifier changed to `ht'.



[6]
Overfull \hbox (6.40494pt too wide) in paragraph at lines 116--118
\T1/cmr/m/n/10 counter-rotation sets dif-fer-ent lev-els of ef-fec-tive joint stiff-ness. Al-though agonistic-
 []



[7 <./images/2025_09_17_f0417c8723605e4ad1efg-08.jpg>]
<./images/2025_09_17_f0417c8723605e4ad1efg-10.jpg, id=58, 946.53625pt x 485.815pt>
File: ./images/2025_09_17_f0417c8723605e4ad1efg-10.jpg Graphic file (type jpg)
<use ./images/2025_09_17_f0417c8723605e4ad1efg-10.jpg>
Package pdftex.def Info: ./images/2025_09_17_f0417c8723605e4ad1efg-10.jpg  used on input line 126.
(pdftex.def)             Requested size: 345.0pt x 177.07266pt.


LaTeX Warning: `h' float specifier changed to `ht'.



[8]
<./images/2025_09_17_f0417c8723605e4ad1efg-11.jpg, id=65, 949.5475pt x 660.4675pt>
File: ./images/2025_09_17_f0417c8723605e4ad1efg-11.jpg Graphic file (type jpg)
<use ./images/2025_09_17_f0417c8723605e4ad1efg-11.jpg>
Package pdftex.def Info: ./images/2025_09_17_f0417c8723605e4ad1efg-11.jpg  used on input line 141.
(pdftex.def)             Requested size: 345.0pt x 239.9651pt.


LaTeX Warning: `h' float specifier changed to `ht'.



[9 <./images/2025_09_17_f0417c8723605e4ad1efg-10.jpg>]

[10 <./images/2025_09_17_f0417c8723605e4ad1efg-11.jpg>]
<./images/2025_09_17_f0417c8723605e4ad1efg-13.jpg, id=77, 980.66376pt x 422.57875pt>
File: ./images/2025_09_17_f0417c8723605e4ad1efg-13.jpg Graphic file (type jpg)
<use ./images/2025_09_17_f0417c8723605e4ad1efg-13.jpg>
Package pdftex.def Info: ./images/2025_09_17_f0417c8723605e4ad1efg-13.jpg  used on input line 164.
(pdftex.def)             Requested size: 345.0pt x 148.6592pt.


[11 <./images/2025_09_17_f0417c8723605e4ad1efg-13.jpg>]
<./images/2025_09_17_f0417c8723605e4ad1efg-14.jpg, id=84, 983.675pt x 404.51125pt>
File: ./images/2025_09_17_f0417c8723605e4ad1efg-14.jpg Graphic file (type jpg)
<use ./images/2025_09_17_f0417c8723605e4ad1efg-14.jpg>
Package pdftex.def Info: ./images/2025_09_17_f0417c8723605e4ad1efg-14.jpg  used on input line 179.
(pdftex.def)             Requested size: 345.0pt x 141.87115pt.


[12 <./images/2025_09_17_f0417c8723605e4ad1efg-14.jpg>]

[13]
<./images/2025_09_17_f0417c8723605e4ad1efg-16.jpg, id=97, 968.61874pt x 261.97874pt>
File: ./images/2025_09_17_f0417c8723605e4ad1efg-16.jpg Graphic file (type jpg)
<use ./images/2025_09_17_f0417c8723605e4ad1efg-16.jpg>
Package pdftex.def Info: ./images/2025_09_17_f0417c8723605e4ad1efg-16.jpg  used on input line 211.
(pdftex.def)             Requested size: 345.0pt x 93.3129pt.
<./images/2025_09_17_f0417c8723605e4ad1efg-17.jpg, id=98, 1015.795pt x 577.15625pt>
File: ./images/2025_09_17_f0417c8723605e4ad1efg-17.jpg Graphic file (type jpg)
<use ./images/2025_09_17_f0417c8723605e4ad1efg-17.jpg>
Package pdftex.def Info: ./images/2025_09_17_f0417c8723605e4ad1efg-17.jpg  used on input line 226.
(pdftex.def)             Requested size: 345.0pt x 196.01917pt.


LaTeX Warning: `h' float specifier changed to `ht'.



[14 <./images/2025_09_17_f0417c8723605e4ad1efg-16.jpg>]

[15 <./images/2025_09_17_f0417c8723605e4ad1efg-17.jpg>]

[16]
Overfull \hbox (1041.188pt too wide) in paragraph at lines 270--302
 [] 
 []


LaTeX Warning: `h' float specifier changed to `ht'.



[17]
<./images/2025_09_17_f0417c8723605e4ad1efg-21.jpg, id=126, 1003.75pt x 577.15625pt>
File: ./images/2025_09_17_f0417c8723605e4ad1efg-21.jpg Graphic file (type jpg)
<use ./images/2025_09_17_f0417c8723605e4ad1efg-21.jpg>
Package pdftex.def Info: ./images/2025_09_17_f0417c8723605e4ad1efg-21.jpg  used on input line 320.
(pdftex.def)             Requested size: 345.0pt x 198.37935pt.


LaTeX Warning: `h' float specifier changed to `ht'.



[18]

[19 <./images/2025_09_17_f0417c8723605e4ad1efg-21.jpg>]

[20]
<./images/2025_09_17_f0417c8723605e4ad1efg-24.jpg, id=151, 1247.66125pt x 563.10374pt>
File: ./images/2025_09_17_f0417c8723605e4ad1efg-24.jpg Graphic file (type jpg)
<use ./images/2025_09_17_f0417c8723605e4ad1efg-24.jpg>
Package pdftex.def Info: ./images/2025_09_17_f0417c8723605e4ad1efg-24.jpg  used on input line 389.
(pdftex.def)             Requested size: 345.0pt x 155.70035pt.


[21 <./images/2025_09_17_f0417c8723605e4ad1efg-24.jpg>]
Overfull \hbox (3.21396pt too wide) in paragraph at lines 409--409
[][]\T1/cmr/bx/n/14.4 5. Com-bi-na-tions of in-her-ent com-pli-ance and damp-
 []

<./images/2025_09_17_f0417c8723605e4ad1efg-25.jpg, id=159, 1139.25626pt x 614.295pt>
File: ./images/2025_09_17_f0417c8723605e4ad1efg-25.jpg Graphic file (type jpg)
<use ./images/2025_09_17_f0417c8723605e4ad1efg-25.jpg>
Package pdftex.def Info: ./images/2025_09_17_f0417c8723605e4ad1efg-25.jpg  used on input line 435.
(pdftex.def)             Requested size: 345.0pt x 186.02399pt.

LaTeX Warning: `h' float specifier changed to `ht'.



[22]

[23 <./images/2025_09_17_f0417c8723605e4ad1efg-25.jpg>]

[24]
Overfull \hbox (1.42929pt too wide) in paragraph at lines 485--579
\T1/cmr/m/n/10 [32] M. Cata-lano, G. Gri-oli, M. Gara-bini, F. Bonomo, M. Mancini, N. Tsagarakis,
 []


Overfull \hbox (9.63562pt too wide) in paragraph at lines 485--579
\T1/cmr/m/n/10 S. Sugiyama, De-vel-op-ment of pas-sive el-e-ments with vari-able me-chan-i-cal impedance
 []



[25]

[26]

[27]

[28]

[29]

[30]

[31]

[32] (2025_09_17_f0417c8723605e4ad1efg.aux)
 ***********
LaTeX2e <2025-06-01> patch level 1
L3 programming layer <2025-08-13>
 ***********
Package rerunfilecheck Info: File `2025_09_17_f0417c8723605e4ad1efg.out' has not changed.
(rerunfilecheck)             Checksum: D41D8CD98F00B204E9800998ECF8427E;0.
 ) 
Here is how much of TeX's memory you used:
 13990 strings out of 468133
 231028 string characters out of 5440813
 662624 words of memory out of 5000000
 42323 multiletter control sequences out of 15000+600000
 643095 words of font info for 85 fonts, out of 8000000 for 9000
 1141 hyphenation exceptions out of 8191
 75i,10n,117p,2260b,518s stack positions out of 10000i,1000n,20000p,200000b,200000s
 <C:\Users\ailam\AppData\Local\MiKTeX\fonts/pk/ljfour/jknappen/ec/dpi600\tcrm0700.pk> <C:\Users\ailam\AppData\Local\MiKTeX\fonts/pk/ljfour/jknappen/ec/dpi600\ecbx1200.pk> <C:\Users\ailam\AppData\Local\MiKTeX\fonts/pk/ljfour/jknappen/ec/dpi600\tcrm1000.pk> <C:\Users\ailam\AppData\Local\MiKTeX\fonts/pk/ljfour/jknappen/ec/dpi600\ecbx1440.pk> <C:\Users\ailam\AppData\Local\MiKTeX\fonts/pk/ljfour/jknappen/ec/dpi600\ecrm1000.pk> <C:\Users\ailam\AppData\Local\MiKTeX\fonts/pk/ljfour/jknappen/ec/dpi600\ecrm0900.pk> <C:\Users\ailam\AppData\Local\MiKTeX\fonts/pk/ljfour/jknappen/ec/dpi600\ecbx0900.pk> <C:\Users\ailam\AppData\Local\MiKTeX\fonts/pk/ljfour/jknappen/ec/dpi600\ecrm1200.pk> <C:\Users\ailam\AppData\Local\MiKTeX\fonts/pk/ljfour/jknappen/ec/dpi600\ecrm1728.pk><C:/Data/DevTools/MiKTeX/fonts/type1/public/amsfonts/cm/cmex10.pfb><C:/Data/DevTools/MiKTeX/fonts/type1/public/amsfonts/cm/cmmi10.pfb><C:/Data/DevTools/MiKTeX/fonts/type1/public/amsfonts/cm/cmmi7.pfb><C:/Data/DevTools/MiKTeX/fonts/type1/public/amsfonts/cm/cmmi8.pfb><C:/Data/DevTools/MiKTeX/fonts/type1/public/amsfonts/cm/cmr10.pfb><C:/Data/DevTools/MiKTeX/fonts/type1/public/amsfonts/cm/cmr7.pfb><C:/Data/DevTools/MiKTeX/fonts/type1/public/amsfonts/cm/cmr8.pfb><C:/Data/DevTools/MiKTeX/fonts/type1/public/amsfonts/cm/cmsy10.pfb><C:/Data/DevTools/MiKTeX/fonts/type1/public/amsfonts/cm/cmsy7.pfb>
Output written on 2025_09_17_f0417c8723605e4ad1efg.pdf (32 pages, 811895 bytes).
PDF statistics:
 586 PDF objects out of 1000 (max. 8388607)
 84 named destinations out of 1000 (max. 500000)
 56 words of extra memory for PDF output out of 10000 (max. 10000000)

